
> israel@1.0.0 test C:\Users\ACER\Projects\rocket-israel
> npm run editorconfig && npm run stylelint && eslint source/js/


> israel@1.0.0 editorconfig C:\Users\ACER\Projects\rocket-israel
> editorconfig-cli

Using '.editorconfig' from: "C:\Users\ACER\Projects\rocket-israel\.editorconfig"
Loaded GLOBs from 'C:\Users\ACER\Projects\rocket-israel\package.json': *.json,*.js,source/*.html,source/js/**/*.js,source/img/**/*.svg,source/sass/**/*.{sass,scss}
File: source/sass/utils/normalize.scss [excluded]

> israel@1.0.0 stylelint C:\Users\ACER\Projects\rocket-israel
> stylelint "source/sass/**/*.scss" --syntax scss


C:\Users\ACER\Projects\rocket-israel\source\js\vendor.js
     5:5    error  Expected an assignment or function call and instead saw an expression                                       no-unused-expressions
     5:5    error  Do not nest ternary expressions                                                                             no-nested-ternary
     5:76   error  'exports' is not defined                                                                                    no-undef
     6:39   error  'define' is not defined                                                                                     no-undef
     6:52   error  'define' is not defined                                                                                     no-undef
     8:5    error  Unexpected 'this'                                                                                           no-invalid-this
     9:5    error  Use the global form of 'use strict'                                                                         strict
    11:26   error  Do not nest ternary expressions                                                                             no-nested-ternary
    11:62   error  'globalThis' is not defined                                                                                 no-undef
    11:75   error  Do not nest ternary expressions                                                                             no-nested-ternary
    11:116  error  Do not nest ternary expressions                                                                             no-nested-ternary
    11:148  error  'global' is not defined                                                                                     no-undef
    14:7    error  Return statement should not contain assignment                                                              no-return-assign
    14:36   error  Unexpected use of comma operator                                                                            no-sequences
    18:28   error  Expected '===' and instead saw '=='                                                                         eqeqeq
    22:9    error  Identifier 'global_1' is not in camel case                                                                  camelcase
    42:13   error  Expected '!==' and instead saw '!='                                                                         eqeqeq
    54:49   error  Unexpected 'this'                                                                                           no-invalid-this
    84:31   error  Expected '===' and instead saw '=='                                                                         eqeqeq
    90:14   error  Expected '===' and instead saw '=='                                                                         eqeqeq
    90:17   error  Unexpected use of undefined                                                                                 no-undefined
    91:15   error  A function with a name starting with an uppercase letter should only be used as a constructor               new-cap
   127:13   error  A function with a name starting with an uppercase letter should only be used as a constructor               new-cap
   136:22   error  Identifier 'global_1' is not in camel case                                                                  camelcase
   152:12   error  Expected '!==' and instead saw '!='                                                                         eqeqeq
   158:71   error  Expected to return a value at the end of function 'getOwnPropertyDescriptor'                                consistent-return
   158:71   error  'getOwnPropertyDescriptor' is already declared in the upper scope                                           no-shadow
   179:15   error  A function with a name starting with an uppercase letter should only be used as a constructor               new-cap
   200:15   error  A function with a name starting with an uppercase letter should only be used as a constructor               new-cap
   223:9    error  Identifier 'global_1' is not in camel case                                                                  camelcase
   230:17   error  Identifier 'global_1' is not in camel case                                                                  camelcase
   243:19   error  Identifier 'global_1' is not in camel case                                                                  camelcase
   248:66   error  Unexpected use of undefined                                                                                 no-undefined
   260:41   error  Unexpected use of undefined                                                                                 no-undefined
   271:21   error  Identifier 'global_1' is not in camel case                                                                  camelcase
   283:17   error  A function with a name starting with an uppercase letter should only be used as a constructor               new-cap
   350:19   error  Identifier 'global_1' is not in camel case                                                                  camelcase
   368:51   error  'toString' is already declared in the upper scope                                                           no-shadow
   369:23   error  Unexpected 'this'                                                                                           no-invalid-this
   369:63   error  Unexpected 'this'                                                                                           no-invalid-this
   369:93   error  Unexpected 'this'                                                                                           no-invalid-this
   373:16   error  Identifier 'global_1' is not in camel case                                                                  camelcase
   376:58   error  Unexpected use of undefined                                                                                 no-undefined
   380:77   error  Identifier 'global_1' is not in camel case                                                                  camelcase
   380:146  error  Identifier 'global_1' is not in camel case                                                                  camelcase
   380:169  error  Identifier 'global_1' is not in camel case                                                                  camelcase
   419:31   error  Expected '!==' and instead saw '!='                                                                         eqeqeq
   423:23   error  Expected '!==' and instead saw '!='                                                                         eqeqeq
   456:7    error  The body of a for-in should be wrapped in an if statement to filter unwanted properties from the prototype  guard-for-in
   457:9    error  Expected an assignment or function call and instead saw an expression                                       no-unused-expressions
   463:11   error  Expected an assignment or function call and instead saw an expression                                       no-unused-expressions
   494:11   error  'keys' is already declared in the upper scope                                                               no-shadow
   500:11   error  'keys' is already declared in the upper scope                                                               no-shadow
   502:11   error  'getOwnPropertyDescriptor' is already declared in the upper scope                                           no-shadow
   516:14   error  Do not nest ternary expressions                                                                             no-nested-ternary
   516:20   error  Expected '===' and instead saw '=='                                                                         eqeqeq
   516:41   error  Do not nest ternary expressions                                                                             no-nested-ternary
   516:47   error  Expected '===' and instead saw '=='                                                                         eqeqeq
   526:9    error  Identifier 'isForced_1' is not in camel case                                                                camelcase
   554:18   error  Identifier 'global_1' is not in camel case                                                                  camelcase
   556:18   error  Identifier 'global_1' is not in camel case                                                                  camelcase
   558:19   error  Identifier 'global_1' is not in camel case                                                                  camelcase
   562:9    error  The body of a for-in should be wrapped in an if statement to filter unwanted properties from the prototype  guard-for-in
   574:45   error  Unexpected use of undefined                                                                                 no-undefined
   596:46   error  'keys' is already declared in the upper scope                                                               no-shadow
   633:20   error  'Symbol' is not defined                                                                                     no-undef
   639:42   error  Expected '!==' and instead saw '!='                                                                         eqeqeq
   639:91   error  Expected '!==' and instead saw '!='                                                                         eqeqeq
   640:34   error  'source' is defined but never used. Allowed unused args must match /^_/u                                    no-unused-vars
   650:15   error  'keys' is already declared in the upper scope                                                               no-shadow
   683:47   error  Unexpected 'this'                                                                                           no-invalid-this
   686:22   error  Expected '===' and instead saw '=='                                                                         eqeqeq
   687:15   error  A function with a name starting with an uppercase letter should only be used as a constructor               new-cap
   708:38   error  Unexpected use of undefined                                                                                 no-undefined
   711:53   error  Expected '===' and instead saw '=='                                                                         eqeqeq
   735:5    error  Definition for rule 'unicorn/no-unsafe-regex' was not found                                                 unicorn/no-unsafe-regex
   754:79   error  Unexpected use of undefined                                                                                 no-undefined
   772:81   error  Unexpected use of undefined                                                                                 no-undefined
   794:19   error  Identifier 'global_1' is not in camel case                                                                  camelcase
   800:50   error  'Symbol' is not defined                                                                                     no-undef
   801:9    error  '_typeof' is a function                                                                                     no-func-assign
   801:29   error  'obj' is already declared in the upper scope                                                                no-shadow
   805:9    error  '_typeof' is a function                                                                                     no-func-assign
   805:29   error  'obj' is already declared in the upper scope                                                                no-shadow
   806:77   error  'Symbol' is not defined                                                                                     no-undef
   806:95   error  'Symbol' is not defined                                                                                     no-undef
   874:7    error  '_getPrototypeOf' is a function                                                                             no-func-assign
   874:82   error  '_getPrototypeOf' is already declared in the upper scope                                                    no-shadow
   874:98   error  'o' is already declared in the upper scope                                                                  no-shadow
   875:16   error  The '__proto__' property is deprecated                                                                      no-proto
   881:7    error  '_setPrototypeOf' is a function                                                                             no-func-assign
   881:59   error  '_setPrototypeOf' is already declared in the upper scope                                                    no-shadow
   881:75   error  'o' is already declared in the upper scope                                                                  no-shadow
   881:78   error  'p' is already declared in the upper scope                                                                  no-shadow
   882:9    error  The '__proto__' property is deprecated                                                                      no-proto
   890:18   error  Expected '===' and instead saw '=='                                                                         eqeqeq
   909:18   error  Expected '===' and instead saw '=='                                                                         eqeqeq
   963:45   error  'Reflect' is not defined                                                                                    no-undef
   964:9    error  '_get' is a function                                                                                        no-func-assign
   964:16   error  'Reflect' is not defined                                                                                    no-undef
   966:9    error  '_get' is a function                                                                                        no-func-assign
   966:25   error  '_get' is already declared in the upper scope                                                               no-shadow
   966:30   error  'target' is already declared in the upper scope                                                             no-shadow
   966:38   error  'property' is already declared in the upper scope                                                           no-shadow
   966:48   error  'receiver' is already declared in the upper scope                                                           no-shadow
   975:13   error  Function '_get' expected no return value                                                                    consistent-return
   978:11   error  Function '_get' expected no return value                                                                    consistent-return
   986:45   error  'Reflect' is not defined                                                                                    no-undef
   987:9    error  'set$1' is a function                                                                                       no-func-assign
   987:17   error  'Reflect' is not defined                                                                                    no-undef
   989:9    error  'set$1' is a function                                                                                       no-func-assign
   989:26   error  'set' is already declared in the upper scope                                                                no-shadow
   989:30   error  'target' is already declared in the upper scope                                                             no-shadow
   989:38   error  'property' is already declared in the upper scope                                                           no-shadow
   989:48   error  'value' is already declared in the upper scope                                                              no-shadow
   989:55   error  'receiver' is already declared in the upper scope                                                           no-shadow
  1039:14   error  Expected to return a value at the end of function '_arrayWithHoles'                                         consistent-return
  1046:13   error  'Symbol' is not defined                                                                                     no-undef
  1053:11   error  It's not necessary to initialize '_e' to undefined                                                          no-undef-init
  1053:16   error  Unexpected use of undefined                                                                                 no-undefined
  1056:27   error  'Symbol' is not defined                                                                                     no-undef
  1068:35   error  Expected '!==' and instead saw '!='                                                                         eqeqeq
  1078:7    error  Function '_iterableToArrayLimit' expected no return value                                                   consistent-return
  1085:5    error  Missing JSDoc @return for function                                                                          valid-jsdoc
  1085:5    error  Missing JSDoc for parameter 'str'                                                                           valid-jsdoc
  1134:22   error  Expected '!==' and instead saw '!='                                                                         eqeqeq
  1147:16   error  Expected '!==' and instead saw '!='                                                                         eqeqeq
  1155:30   error  Expected '===' and instead saw '=='                                                                         eqeqeq
  1157:19   error  Expected '!==' and instead saw '!='                                                                         eqeqeq
  1163:31   error  Expected '===' and instead saw '=='                                                                         eqeqeq
  1165:21   error  Expected '!==' and instead saw '!='                                                                         eqeqeq
  1168:13   error  'keys' is already declared in the upper scope                                                               no-shadow
  1202:7    error  Missing JSDoc for parameter 'value'                                                                         valid-jsdoc
  1202:7    error  Missing JSDoc for parameter 'cursorPos'                                                                     valid-jsdoc
  1202:7    error  Missing JSDoc for parameter 'oldValue'                                                                      valid-jsdoc
  1202:7    error  Missing JSDoc for parameter 'oldSelection'                                                                  valid-jsdoc
  1203:16   error  'ActionDetails' is already declared in the upper scope                                                      no-shadow
  1223:23   error  'get' is already declared in the upper scope                                                                no-shadow
  1233:23   error  'get' is already declared in the upper scope                                                                no-shadow
  1243:23   error  'get' is already declared in the upper scope                                                                no-shadow
  1253:23   error  'get' is already declared in the upper scope                                                                no-shadow
  1265:23   error  'get' is already declared in the upper scope                                                                no-shadow
  1275:23   error  'get' is already declared in the upper scope                                                                no-shadow
  1285:23   error  'get' is already declared in the upper scope                                                                no-shadow
  1295:23   error  'get' is already declared in the upper scope                                                                no-shadow
  1324:7    error  Missing JSDoc for parameter 'details'                                                                       valid-jsdoc
  1325:16   error  'ChangeDetails' is already declared in the upper scope                                                      no-shadow
  1354:23   error  'get' is already declared in the upper scope                                                                no-shadow
  1371:16   error  'ContinuousTailDetails' is already declared in the upper scope                                              no-shadow
  1372:62   error  Unexpected use of undefined                                                                                 no-undefined
  1373:61   error  Unexpected use of undefined                                                                                 no-undefined
  1374:58   error  Unexpected use of undefined                                                                                 no-undefined
  1385:25   error  'toString' is already declared in the upper scope                                                           no-shadow
  1412:23   error  'get' is already declared in the upper scope                                                                no-shadow
  1419:23   error  'set' is already declared in the upper scope                                                                no-shadow
  1435:59   error  Unexpected use of undefined                                                                                 no-undefined
  1465:7    error  Missing JSDoc for parameter 'opts'                                                                          valid-jsdoc
  1466:16   error  'Masked' is already declared in the upper scope                                                             no-shadow
  1510:9    error  Missing JSDoc @return for function                                                                          valid-jsdoc
  1510:9    error  Missing JSDoc for parameter 'value'                                                                         valid-jsdoc
  1524:9    error  Missing JSDoc @return for function                                                                          valid-jsdoc
  1524:9    error  Missing JSDoc for parameter 'cursorPos'                                                                     valid-jsdoc
  1524:9    error  Missing JSDoc for parameter 'direction'                                                                     valid-jsdoc
  1525:52   error  'direction' is defined but never used. Allowed unused args must match /^_/u                                 no-unused-vars
  1533:66   error  Unexpected use of undefined                                                                                 no-undefined
  1534:64   error  Unexpected use of undefined                                                                                 no-undefined
  1542:66   error  Unexpected use of undefined                                                                                 no-undefined
  1543:64   error  Unexpected use of undefined                                                                                 no-undefined
  1562:64   error  Unexpected use of undefined                                                                                 no-undefined
  1578:64   error  Unexpected use of undefined                                                                                 no-undefined
  1579:65   error  Unexpected use of undefined                                                                                 no-undefined
  1588:39   error  Expected '!==' and instead saw '!='                                                                         eqeqeq
  1644:25   error  Expected '!==' and instead saw '!='                                                                         eqeqeq
  1657:66   error  Unexpected use of undefined                                                                                 no-undefined
  1658:64   error  Unexpected use of undefined                                                                                 no-undefined
  1706:64   error  Unexpected use of undefined                                                                                 no-undefined
  1763:23   error  'get' is already declared in the upper scope                                                                no-shadow
  1768:23   error  'set' is already declared in the upper scope                                                                no-shadow
  1773:23   error  'get' is already declared in the upper scope                                                                no-shadow
  1776:23   error  'set' is already declared in the upper scope                                                                no-shadow
  1781:23   error  'get' is already declared in the upper scope                                                                no-shadow
  1784:23   error  'set' is already declared in the upper scope                                                                no-shadow
  1793:23   error  'get' is already declared in the upper scope                                                                no-shadow
  1796:23   error  'set' is already declared in the upper scope                                                                no-shadow
  1803:23   error  'get' is already declared in the upper scope                                                                no-shadow
  1808:23   error  'set' is already declared in the upper scope                                                                no-shadow
  1819:23   error  'get' is already declared in the upper scope                                                                no-shadow
  1839:16   error  Expected '===' and instead saw '=='                                                                         eqeqeq
  1918:7    error  Missing JSDoc for parameter 'opts'                                                                          valid-jsdoc
  1919:16   error  'PatternInputDefinition' is already declared in the upper scope                                             no-shadow
  1940:66   error  Unexpected use of undefined                                                                                 no-undefined
  1941:64   error  Unexpected use of undefined                                                                                 no-undefined
  1953:64   error  Unexpected use of undefined                                                                                 no-undefined
  2009:66   error  Unexpected use of undefined                                                                                 no-undefined
  2010:64   error  Unexpected use of undefined                                                                                 no-undefined
  2011:61   error  Unexpected use of undefined                                                                                 no-undefined
  2017:68   error  Unexpected use of undefined                                                                                 no-undefined
  2050:23   error  'get' is already declared in the upper scope                                                                no-shadow
  2055:23   error  'get' is already declared in the upper scope                                                                no-shadow
  2060:23   error  'get' is already declared in the upper scope                                                                no-shadow
  2065:23   error  'get' is already declared in the upper scope                                                                no-shadow
  2071:23   error  'set' is already declared in the upper scope                                                                no-shadow
  2089:7    error  Missing JSDoc for parameter 'opts'                                                                          valid-jsdoc
  2090:16   error  'PatternFixedDefinition' is already declared in the upper scope                                             no-shadow
  2106:66   error  Unexpected use of undefined                                                                                 no-undefined
  2107:64   error  Unexpected use of undefined                                                                                 no-undefined
  2116:41   error  'cursorPos' is defined but never used. Allowed unused args must match /^_/u                                 no-unused-vars
  2117:68   error  Unexpected use of undefined                                                                                 no-undefined
  2136:66   error  Unexpected use of undefined                                                                                 no-undefined
  2137:64   error  Unexpected use of undefined                                                                                 no-undefined
  2138:64   error  Unexpected use of undefined                                                                                 no-undefined
  2144:64   error  Unexpected use of undefined                                                                                 no-undefined
  2171:15   error  'toPos' is assigned a value but never used                                                                  no-unused-vars
  2171:64   error  Unexpected use of undefined                                                                                 no-undefined
  2188:20   error  Expected '!==' and instead saw '!='                                                                         eqeqeq
  2199:23   error  'get' is already declared in the upper scope                                                                no-shadow
  2204:23   error  'get' is already declared in the upper scope                                                                no-shadow
  2209:23   error  'get' is already declared in the upper scope                                                                no-shadow
  2214:23   error  'get' is already declared in the upper scope                                                                no-shadow
  2220:23   error  'set' is already declared in the upper scope                                                                no-shadow
  2232:16   error  'ChunksTailDetails' is already declared in the upper scope                                                  no-shadow
  2233:63   error  Unexpected use of undefined                                                                                 no-undefined
  2234:61   error  Unexpected use of undefined                                                                                 no-undefined
  2244:25   error  'toString' is already declared in the upper scope                                                           no-shadow
  2259:65   error  Expected '===' and instead saw '=='                                                                         eqeqeq
  2272:32   error  Expected '===' and instead saw '=='                                                                         eqeqeq
  2276:74   error  Expected '===' and instead saw '=='                                                                         eqeqeq
  2375:23   error  'get' is already declared in the upper scope                                                                no-shadow
  2385:23   error  'set' is already declared in the upper scope                                                                no-shadow
  2421:7    error  Missing JSDoc @return for function                                                                          valid-jsdoc
  2422:16   error  'MaskedPattern' is already declared in the upper scope                                                      no-shadow
  2423:61   error  Unexpected use of undefined                                                                                 no-undefined
  2440:63   error  Unexpected use of undefined                                                                                 no-undefined
  2467:26   error  Expected to return a value at the end of function                                                           consistent-return
  2605:64   error  Unexpected use of undefined                                                                                 no-undefined
  2641:66   error  Unexpected use of undefined                                                                                 no-undefined
  2642:64   error  Unexpected use of undefined                                                                                 no-undefined
  2667:66   error  Unexpected use of undefined                                                                                 no-undefined
  2668:64   error  Unexpected use of undefined                                                                                 no-undefined
  2669:64   error  Unexpected use of undefined                                                                                 no-undefined
  2675:70   error  'fromPos' is already declared in the upper scope                                                            no-shadow
  2675:79   error  'toPos' is already declared in the upper scope                                                              no-shadow
  2705:41   error  Expected '===' and instead saw '=='                                                                         eqeqeq
  2715:44   error  Expected '!==' and instead saw '!='                                                                         eqeqeq
  2718:41   error  Expected '!==' and instead saw '!='                                                                         eqeqeq
  2720:36   error  Expected '!==' and instead saw '!='                                                                         eqeqeq
  2735:25   error  Expected to return a value at the end of method '_mapPosToBlock'                                            consistent-return
  2757:13   error  Return statement should not contain assignment                                                              no-return-assign
  2765:64   error  Unexpected use of undefined                                                                                 no-undefined
  2766:58   error  Unexpected use of undefined                                                                                 no-undefined
  2797:66   error  Unexpected use of undefined                                                                                 no-undefined
  2798:64   error  Unexpected use of undefined                                                                                 no-undefined
  2815:68   error  Unexpected use of undefined                                                                                 no-undefined
  2908:46   error  Expected '!==' and instead saw '!='                                                                         eqeqeq
  2974:43   error  Expected '!==' and instead saw '!='                                                                         eqeqeq
  3014:45   error  Expected '!==' and instead saw '!='                                                                         eqeqeq
  3014:82   error  Expected '!==' and instead saw '!='                                                                         eqeqeq
  3070:23   error  'get' is already declared in the upper scope                                                                no-shadow
  3077:23   error  'set' is already declared in the upper scope                                                                no-shadow
  3082:13   error  Return statement should not contain assignment                                                              no-return-assign
  3089:23   error  'get' is already declared in the upper scope                                                                no-shadow
  3096:23   error  'get' is already declared in the upper scope                                                                no-shadow
  3098:13   error  Return statement should not contain assignment                                                              no-return-assign
  3101:23   error  'set' is already declared in the upper scope                                                                no-shadow
  3110:23   error  'get' is already declared in the upper scope                                                                no-shadow
  3113:13   error  Return statement should not contain assignment                                                              no-return-assign
  3116:23   error  'set' is already declared in the upper scope                                                                no-shadow
  3149:16   error  'MaskedRange' is already declared in the upper scope                                                        no-shadow
  3168:30   error  Expected '!==' and instead saw '!='                                                                         eqeqeq
  3215:64   error  Unexpected use of undefined                                                                                 no-undefined
  3282:9    error  Missing JSDoc @return for function                                                                          valid-jsdoc
  3283:23   error  'get' is already declared in the upper scope                                                                no-shadow
  3288:23   error  'get' is already declared in the upper scope                                                                no-shadow
  3312:7    error  Missing JSDoc @return for function                                                                          valid-jsdoc
  3315:16   error  'MaskedDate' is already declared in the upper scope                                                         no-shadow
  3335:54   error  A function with a name starting with an uppercase letter should only be used as a constructor               new-cap
  3380:192  error  Expected '!==' and instead saw '!='                                                                         eqeqeq
  3380:213  error  Expected '===' and instead saw '=='                                                                         eqeqeq
  3380:255  error  Expected '===' and instead saw '=='                                                                         eqeqeq
  3393:23   error  'get' is already declared in the upper scope                                                                no-shadow
  3396:23   error  'set' is already declared in the upper scope                                                                no-shadow
  3405:23   error  'get' is already declared in the upper scope                                                                no-shadow
  3408:23   error  'set' is already declared in the upper scope                                                                no-shadow
  3465:16   error  'MaskElement' is already declared in the upper scope                                                        no-shadow
  3472:9    error  Missing JSDoc for parameter 'start'                                                                         valid-jsdoc
  3472:9    error  Missing JSDoc for parameter 'end'                                                                           valid-jsdoc
  3474:21   error  Expected '===' and instead saw '=='                                                                         eqeqeq
  3474:36   error  Expected '===' and instead saw '=='                                                                         eqeqeq
  3480:23   error  Empty block statement                                                                                       no-empty
  3486:39   error  'start' is defined but never used. Allowed unused args must match /^_/u                                     no-unused-vars
  3486:46   error  'end' is defined but never used. Allowed unused args must match /^_/u                                       no-unused-vars
  3492:9    error  Missing JSDoc for parameter 'handlers'                                                                      valid-jsdoc
  3493:36   error  'handlers' is defined but never used. Allowed unused args must match /^_/u                                  no-unused-vars
  3508:9    error  Missing JSDoc @return for function                                                                          valid-jsdoc
  3509:23   error  'get' is already declared in the upper scope                                                                no-shadow
  3514:23   error  Empty block statement                                                                                       no-empty
  3516:24   error  Expected '!==' and instead saw '!='                                                                         eqeqeq
  3522:23   error  'get' is already declared in the upper scope                                                                no-shadow
  3527:23   error  Empty block statement                                                                                       no-empty
  3529:22   error  Expected '!==' and instead saw '!='                                                                         eqeqeq
  3533:23   error  'get' is already declared in the upper scope                                                                no-shadow
  3553:7    error  Missing JSDoc @return for function                                                                          valid-jsdoc
  3556:16   error  'HTMLMaskElement' is already declared in the upper scope                                                    no-shadow
  3630:23   error  'get' is already declared in the upper scope                                                                no-shadow
  3640:23   error  'get' is already declared in the upper scope                                                                no-shadow
  3651:23   error  'get' is already declared in the upper scope                                                                no-shadow
  3661:23   error  'get' is already declared in the upper scope                                                                no-shadow
  3666:23   error  'get' is already declared in the upper scope                                                                no-shadow
  3669:23   error  'set' is already declared in the upper scope                                                                no-shadow
  3691:16   error  'HTMLContenteditableMaskElement' is already declared in the upper scope                                     no-shadow
  3731:23   error  'get' is already declared in the upper scope                                                                no-shadow
  3743:23   error  'get' is already declared in the upper scope                                                                no-shadow
  3750:23   error  'get' is already declared in the upper scope                                                                no-shadow
  3754:23   error  'set' is already declared in the upper scope                                                                no-shadow
  3782:16   error  'InputMask' is already declared in the upper scope                                                          no-shadow
  3785:19   error  Do not nest ternary expressions                                                                             no-nested-ternary
  3812:23   error  Expected '===' and instead saw '=='                                                                         eqeqeq
  3873:9    error  Opening curly brace does not appear on the same line as controlling statement                               brace-style
  3933:25   error  Expected '===' and instead saw '=='                                                                         eqeqeq
  4046:25   error  Expected to return a value at the end of method '_onInput'                                                  consistent-return
  4091:34   error  'ev' is defined but never used. Allowed unused args must match /^_/u                                        no-unused-vars
  4098:34   error  'ev' is defined but never used. Allowed unused args must match /^_/u                                        no-unused-vars
  4115:23   error  'get' is already declared in the upper scope                                                                no-shadow
  4118:23   error  'set' is already declared in the upper scope                                                                no-shadow
  4140:23   error  'get' is already declared in the upper scope                                                                no-shadow
  4143:23   error  'set' is already declared in the upper scope                                                                no-shadow
  4152:23   error  'get' is already declared in the upper scope                                                                no-shadow
  4155:23   error  'set' is already declared in the upper scope                                                                no-shadow
  4164:23   error  'get' is already declared in the upper scope                                                                no-shadow
  4167:23   error  'set' is already declared in the upper scope                                                                no-shadow
  4174:23   error  'get' is already declared in the upper scope                                                                no-shadow
  4181:23   error  'get' is already declared in the upper scope                                                                no-shadow
  4184:23   error  'set' is already declared in the upper scope                                                                no-shadow
  4205:16   error  'MaskedEnum' is already declared in the upper scope                                                         no-shadow
  4284:7    error  Missing JSDoc @return for function                                                                          valid-jsdoc
  4284:7    error  Missing JSDoc for parameter 'opts'                                                                          valid-jsdoc
  4285:16   error  'MaskedNumber' is already declared in the upper scope                                                       no-shadow
  4354:77   error  Unexpected use of undefined                                                                                 no-undefined
  4373:64   error  Unexpected use of undefined                                                                                 no-undefined
  4383:66   error  Unexpected use of undefined                                                                                 no-undefined
  4384:64   error  Unexpected use of undefined                                                                                 no-undefined
  4385:61   error  Unexpected use of undefined                                                                                 no-undefined
  4387:15   error  Identifier '_this$_adjustRangeWit' is not in camel case                                                     camelcase
  4389:15   error  Identifier '_this$_adjustRangeWit2' is not in camel case                                                    camelcase
  4391:21   error  Identifier '_this$_adjustRangeWit2' is not in camel case                                                    camelcase
  4392:19   error  Identifier '_this$_adjustRangeWit2' is not in camel case                                                    camelcase
  4402:64   error  Unexpected use of undefined                                                                                 no-undefined
  4460:66   error  Unexpected use of undefined                                                                                 no-undefined
  4461:64   error  Unexpected use of undefined                                                                                 no-undefined
  4463:15   error  Identifier '_this$_adjustRangeWit3' is not in camel case                                                    camelcase
  4465:15   error  Identifier '_this$_adjustRangeWit4' is not in camel case                                                    camelcase
  4467:21   error  Identifier '_this$_adjustRangeWit4' is not in camel case                                                    camelcase
  4468:19   error  Identifier '_this$_adjustRangeWit4' is not in camel case                                                    camelcase
  4539:24   error  Expected '===' and instead saw '=='                                                                         eqeqeq
  4540:24   error  Expected '===' and instead saw '=='                                                                         eqeqeq
  4556:26   error  Expected '!==' and instead saw '!='                                                                         eqeqeq
  4559:26   error  Expected '!==' and instead saw '!='                                                                         eqeqeq
  4624:23   error  'get' is already declared in the upper scope                                                                no-shadow
  4627:23   error  'set' is already declared in the upper scope                                                                no-shadow
  4636:23   error  'get' is already declared in the upper scope                                                                no-shadow
  4639:23   error  'set' is already declared in the upper scope                                                                no-shadow
  4646:23   error  'get' is already declared in the upper scope                                                                no-shadow
  4649:23   error  'set' is already declared in the upper scope                                                                no-shadow
  4659:23   error  'get' is already declared in the upper scope                                                                no-shadow
  4660:42   error  Expected '!==' and instead saw '!='                                                                         eqeqeq
  4660:78   error  Expected '!==' and instead saw '!='                                                                         eqeqeq
  4684:16   error  'MaskedRegExp' is already declared in the upper scope                                                       no-shadow
  4719:16   error  'MaskedFunction' is already declared in the upper scope                                                     no-shadow
  4757:7    error  Missing JSDoc @return for function                                                                          valid-jsdoc
  4760:16   error  'MaskedDynamic' is already declared in the upper scope                                                      no-shadow
  4806:67   error  Unexpected use of undefined                                                                                 no-undefined
  4807:64   error  Unexpected use of undefined                                                                                 no-undefined
  4808:74   error  Expected '!==' and instead saw '!='                                                                         eqeqeq
  4810:66   error  Expected '!==' and instead saw '!='                                                                         eqeqeq
  4863:64   error  Unexpected use of undefined                                                                                 no-undefined
  4977:23   error  'get' is already declared in the upper scope                                                                no-shadow
  4980:23   error  'set' is already declared in the upper scope                                                                no-shadow
  4989:23   error  'get' is already declared in the upper scope                                                                no-shadow
  4992:23   error  'set' is already declared in the upper scope                                                                no-shadow
  5001:23   error  'get' is already declared in the upper scope                                                                no-shadow
  5004:23   error  'set' is already declared in the upper scope                                                                no-shadow
  5020:23   error  'get' is already declared in the upper scope                                                                no-shadow
  5025:23   error  'get' is already declared in the upper scope                                                                no-shadow
  5035:23   error  'set' is already declared in the upper scope                                                                no-shadow
  5042:13   error  Return statement should not contain assignment                                                              no-return-assign
  5045:30   error  Expected '!==' and instead saw '!='                                                                         eqeqeq
  5054:23   error  'get' is already declared in the upper scope                                                                no-shadow
  5057:23   error  'set' is already declared in the upper scope                                                                no-shadow
  5057:27   error  'overwrite' is defined but never used. Allowed unused args must match /^_/u                                 no-unused-vars
  5058:11   error  Unexpected console statement                                                                                no-console
  5087:9    error  Method 'dispatch' expected no return value                                                                  consistent-return
  5102:59   error  Unexpected use of undefined                                                                                 no-undefined
  5103:57   error  Unexpected use of undefined                                                                                 no-undefined
  5125:5    error  'globalThis' is not defined                                                                                 no-undef
  5151:20   error  'IMask' is not defined                                                                                      no-undef

 395 problems (395 errors, 0 warnings)

npm ERR! code ELIFECYCLE
npm ERR! errno 1
npm ERR! israel@1.0.0 test: `npm run editorconfig && npm run stylelint && eslint source/js/`
npm ERR! Exit status 1
npm ERR! 
npm ERR! Failed at the israel@1.0.0 test script.
npm ERR! This is probably not a problem with npm. There is likely additional logging output above.

npm ERR! A complete log of this run can be found in:
npm ERR!     C:\Users\ACER\AppData\Roaming\npm-cache\_logs\2020-05-11T10_12_51_082Z-debug.log
